[*] b'\xca\xc3\x00\x00\x00\r\x00\x17\x01`\x00\x01\x01^\x00\x01\x02\x00\xff'
[*] b'\xff\xf3\x00\x00\x00\r\x00\x17\x01d\x00\x01\x01_\x00\x01\x02\x00\xff'
[*] b'\xe2\xf3\x00\x00\x00\r\x00\x17\x01d\x00\x01\x01_\x00\x01\x02\x00\xff'
[*] b'\xf3\xc0\x00\x00\x00\r\x00\x17\x01j\x00\x01\x01^\x00\x01\x02\x00\xff'
[*] b'\xfb\xf3\x00\x00\x00\r\x00\x17\x01g\x00\x01\x01^\x00\x01\x02\x00\xff'
[*] b'7\xf3\x00\x00\x00\r\x00\x17\x01y\x00\x01\x01^\x00\x01\x02\x00\xff'
[*] b'z\xe1\x00\x00\x00\r\x00\x17\x01u\x00\x01\x01^\x00\x01\x02\x00\xff'
[*] b'\x1e\xb2\x00\x00\x00\r\x00\x17\x01j\x00\x01\x01^\x00\x01\x02\x00\xff'
[*] b'\xf3\xef\x00\x00\x00\r\xff\x17\x01o\x00\x01\x01^\x00\x01\x02\x00\xff'
[*] b'\xce\xf3\x00\x00\x00\r\xff\x17\x01i\x00\x01\x01^\x00\x01\x02\x00\xff'
[*] b'\xce\xc0\x00\x00\x00\r\xff\x17\x01e\x00\x01\x01]\x00\x01\x02\x00\xff'
[*] b'\xf3\xf3\x00\x00\x00\r\x00\x17\x01`\x00\x01\x01\\\x00\x01\x02\x00\xff'
[*] b'\xf1\xf3\x00\x00\x00\r\xff\x17\x01e\x00\x01\x01^\x00\x01\x02\x00\xff'
[*] b'\xc0\xf3\x00\x00\x00\r\xff\x17\x01w\x00\x01\x01]\x00\x01\x02\x00\xff'
[*] b'\xe2\xfe\x00\x00\x00\r\xff\x17\x01o\x00\x01\x01_\x00\x01\x02\x00\xff'
[*] b'\xc3\xf3\x00\x00\x00\r\xff\x17\x01~\x00\x01\x01_\x00\x01\x02\x00\xff'
[*] b'\xf3\xe2\x00\x00\x00\r\x00\x17\x01|\x00\x01\x01^\x00\x01\x02\x00\xff'
[*] b'\xe0\xf7\x00\x00\x00\r\x00\x17\x01d\x00\x01\x01^\x00\x01\x02\x00\xff'
[*] b'\xef\xf3\x00\x00\x00\r\x00\x17\x01j\x00\x01\x01_\x00\x01\x02\x00\xff'
[*] b'\xe2\xe2\x00\x00\x00\r\x00\x17\x01z\x00\x01\x01^\x00\x01\x02\x00\xff'
[*] b'\xf3\xa1\x00\x00\x00\r\xff\x17\x01s\x00\x01\x01^\x00\x01\x02\x00\xff'
[*] b'\xe2\xc0\x00\x00\x00\r\xff\x17\x01e\x00\x01\x01^\x00\x01\x02\x00\xff'
[*] b'\xf3\xf3\x00\x00\x00\r\xff\x17\x01h\x00\x01\x01^\x00\x01\x02\x00\xff'
[*] b'\xf3\xf0\x00\x00\x00\r\xff\x17\x01t\x00\x01\x01]\x00\x01\x02\x00\xff'
[*] b'3\xc0\x00\x00\x00\r\x00\x17\x01j\x00\x01\x01_\x00\x01\x02\x00\xff'
[*] b'\xf3\n\x00\x00\x00\r\x00\x17\x01s\x00\x01\x01\\\x00\x01\x02\x00\xff'
[*] b'\n\xf3\x00\x00\x00\r\xff\x17\x01z\x00\x01\x01^\x00\x01\x02\x00\xff'
[*] b'\xf3\xe1\x00\x00\x00\r\x00\x17\x01`\x00\x01\x01\\\x00\x01\x02\x00\xff'
[*] b'\xbe\xe2\x00\x00\x00\r\x00\x17\x01j\x00\x01\x01^\x00\x01\x02\x00\xff'
[*] b'\xf0\xf3\x00\x00\x00\r\xff\x17\x01m\x00\x01\x01^\x00\x01\x02\x00\xff'
[*] b'\xed\xed\x00\x00\x00\r\xff\x17\x01m\x00\x01\x01\\\x00\x01\x02\x00\xff'
[*] b'\xf7\xd4\x00\x00\x00\r\x00\x17\x01c\x00\x01\x01^\x00\x01\x02\x00\xff'
[*] b'\xf3\xe2\x00\x00\x00\r\xff\x17\x01h\x00\x01\x01^\x00\x01\x02\x00\xff'
[*] b'\xc1\xf3\x00\x00\x00\r\xff\x17\x01e\x00\x01\x01^\x00\x01\x02\x00\xff'
[*] b'<\x03\x00\x00\x00\r\x00\x17\x01t\x00\x01\x01^\x00\x01\x02\x00\xff'
[*] b'\xa0\xf3\x00\x00\x00\r\x00\x17\x01t\x00\x01\x01^\x00\x01\x02\x00\xff'
[*] b'\x93\xef\x00\x00\x00\r\x00\x17\x01s\x00\x01\x01^\x00\x01\x02\x00\xff'
[*] b'\xf0\x14\x00\x00\x00\r\xff\x17\x01j\x00\x01\x01^\x00\x01\x02\x00\xff'
[*] b'\xe0\xf3\x00\x00\x00\r\x00\x17\x01o\x00\x01\x01_\x00\x01\x02\x00\xff'
[*] b'\xef\xef\x00\x00\x00\r\x00\x17\x01e\x00\x01\x01\\\x00\x01\x02\x00\xff'
[*] b'\x8e\n\x00\x00\x00\r\x00\x17\x01t\x00\x01\x01]\x00\x01\x02\x00\xff'
[*] b'\xfe\xf3\x00\x00\x00\r\xff\x17\x01m\x00\x01\x01^\x00\x01\x02\x00\xff'
[*] b'\xef\xe2\x00\x00\x00\r\xff\x17\x01j\x00\x01\x01^\x00\x01\x02\x00\xff'
[*] b'\x84\xf3\x00\x00\x00\r\x00\x17\x01j\x00\x01\x01_\x00\x01\x02\x00\xff'
[*] b'\xf7\xf3\x00\x00\x00\r\xff\x17\x01z\x00\x01\x01^\x00\x01\x02\x00\xff'
[*] b'\x0e\xc3\x00\x00\x00\r\x00\x17\x01w\x00\x01\x01^\x00\x01\x02\x00\xff'
[*] b'\xf3\xf3\x00\x00\x00\r\x00\x17\x01i\x00\x01\x01]\x00\x01\x02\x00\xff'
[*] b'\xf3\x81\x00\x00\x00\r\x00\x17\x01u\x00\x01\x01_\x00\x01\x02\x00\xff'
[*] b'\xa0\x89\x00\x00\x00\r\xff\x17\x01s\x00\x01\x01_\x00\x01\x02\x00\xff'
[*] b'\xfe\xc0\x00\x00\x00\r\xff\x17\x01j\x00\x01\x01]\x00\x01\x02\x00\xff'
[*] b'\xa0\xe2\x00\x00\x00\r\x00\x17\x01~\x00\x01\x01^\x00\x01\x02\x00\xff'
[*] b'\xca\xc0\x00\x00\x00\r\x00\x17\x01t\x00\x01\x01_\x00\x01\x02\x00\xff'
[*] b'\xf3+\x00\x00\x00\r\x00\x17\x01`\x00\x01\x01^\x00\x01\x02\x00\xff'
[*] b'1\xf3\x00\x00\x00\r\xff\x17\x01s\x00\x01\x01_\x00\x01\x02\x00\xff'
[*] b'\xef3\x00\x00\x00\r\x00\x17\x01u\x00\x01\x01]\x00\x01\x02\x00\xff'
[*] b'\xf3\xe2\x00\x00\x00\r\x00\x17\x01n\x00\x01\x01_\x00\x01\x02\x00\xff'
[*] b'\xf3\xf3\x00\x00\x00\r\x00\x17\x01s\x00\x01\x01^\x00\x01\x02\x00\xff'
[*] b'\xf3\xf3\x00\x00\x00\r\x00\x17\x01a\x00\x01\x01^\x00\x01\x02\x00\xff'
[*] b'\xf3\xed\x00\x00\x00\r\x00\x17\x01a\x00\x01\x01_\x00\x01\x02\x00\xff'
[*] b'\x84\x80\x00\x00\x00\r\xff\x17\x01s\x00\x01\x01_\x00\x01\x02\x00\xff'
[*] b'\xed\xf3\x00\x00\x00\r\xff\x17\x01`\x00\x01\x01^\x00\x01\x02\x00\xff'
[*] b'\x19\xca\x00\x00\x00\r\xff\x17\x01c\x00\x01\x01_\x00\x01\x02\x00\xff'
[*] b'\xcdF\x00\x00\x00\r\xff\x17\x01}\x00\x01\x01^\x00\x01\x02\x00\xff'
[*] b'\xf3\xe2\x00\x00\x00\r\x00\x17\x01y\x00\x01\x01^\x00\x01\x02\x00\xff'
[*] b'\xca\xe0\x00\x00\x00\r\x00\x17\x01o\x00\x01\x01^\x00\x01\x02\x00\xff'
[*] b'\xaa\xff\x00\x00\x00\r\xff\x17\x01`\x00\x01\x01\\\x00\x01\x02\x00\xff'
[*] b'\xe2\xf3\x00\x00\x00\r\x00\x17\x01o\x00\x01\x01]\x00\x01\x02\x00\xff'
[*] b'/\r\x00\x00\x00\r\x00\x17\x01k\x00\x01\x01\\\x00\x01\x02\x00\xff'
[*] b'\xf3\xf3\x00\x00\x00\r\x00\x17\x01t\x00\x01\x01]\x00\x01\x02\x00\xff'
[*] b'\xe1\x81\x00\x00\x00\r\xff\x17\x01s\x00\x01\x01^\x00\x01\x02\x00\xff'
[*] b'\xf3\xcb\x00\x00\x00\r\xff\x17\x01n\x00\x01\x01\\\x00\x01\x02\x00\xff'
[*] b'\xf3\xa0\x00\x00\x00\r\xff\x17\x01`\x00\x01\x01^\x00\x01\x02\x00\xff'
[*] b'@\xca\x00\x00\x00\r\x00\x17\x01i\x00\x01\x01]\x00\x01\x02\x00\xff'
[*] b'\xf3\xef\x00\x00\x00\r\x00\x17\x01s\x00\x01\x01]\x00\x01\x02\x00\xff'
[*] b'\xe2\xf3\x00\x00\x00\r\x00\x17\x01j\x00\x01\x01^\x00\x01\x02\x00\xff'
[*] b'\xf3\xf3\x00\x00\x00\r\x00\x17\x01h\x00\x01\x01^\x00\x01\x02\x00\xff'
[*] b'\xf3\xe2\x00\x00\x00\r\x00\x17\x01j\x00\x01\x01^\x00\x01\x02\x00\xff'
[*] b'\xef\xf3\x00\x00\x00\r\xff\x17\x01c\x00\x01\x01^\x00\x01\x02\x00\xff'
[*] b'\xa0\xf3\x00\x00\x00\r\x00\x17\x01j\x00\x01\x01^\x00\x01\x02\x00\xff'
[*] b'\xe2\xbe\x00\x00\x00\r\xff\x17\x01j\x00\x01\x01\\\x00\x01\x02\x00\xff'
[*] b'\xf3\xf3\x00\x00\x00\r\x00\x17\x01r\x00\x01\x01]\x00\x01\x02\x00\xff'
[*] b'\xfe\xf3\x00\x00\x00\r\x00\x17\x01s\x00\x01\x01^\x00\x01\x02\x00\xff'
[*] b'\xf3\xf3\x00\x00\x00\r\xff\x17\x01j\x00\x01\x01^\x00\x01\x02\x00\xff'
[*] b'\xf3+\x00\x00\x00\r\x00\x17\x01v\x00\x01\x01\\\x00\x01\x02\x00\xff'
[*] b'\xe2\xf3\x00\x00\x00\r\x00\x17\x01`\x00\x01\x01\\\x00\x01\x02\x00\xff'
[*] b'\xed\xf3\x00\x00\x00\r\xff\x17\x01j\x00\x01\x01^\x00\x01\x02\x00\xff'
[*] b'\xe2\xe2\x00\x00\x00\r\x00\x17\x01j\x00\x01\x01\\\x00\x01\x02\x00\xff'
[*] b'\xca\xf3\x00\x00\x00\r\x00\x17\x01j\x00\x01\x01]\x00\x01\x02\x00\xff'
[*] b'\x02\xf3\x00\x00\x00\r\x00\x17\x01y\x00\x01\x01\\\x00\x01\x02\x00\xff'
[*] b'\xe1\xe2\x00\x00\x00\t\x00\x10\x01\x80\x00\x01\x02\x00\xff'
[*] b'\xf3\xcd\x00\x00\x00\r\xff\x17\x01b\x00\x01\x01_\x00\x01\x02\x00\xff'
[*] b'\xad\xf3\x00\x00\x00\r\xff\x17\x01d\x00\x01\x01\\\x00\x01\x02\x00\xff'
[*] b'\xe2\xf3\x00\x00\x00\x06\xff\x01\x01F\x00\x01'
[*] b'\xf3\xf3\x00\x00\x00\x06\xff\x03\x01a\x00\x02'
[*] b'\xc0\xf3\x00\x00\x00\r\x00\x17\x01f\x00\x01\x01^\x00\x01\x02\x00\xff'
[*] b'\xcf\xf4\x00\x00\x00\x06\x00\x01\x01F\x00\x01'
[*] b'\xf4\xf3\x00\x00\x00\x06\x00\x01\x018\x00\x01'
[*] b'\xf3\xe0\x00\x00\x00\r\x00\x17\x01s\x00\x01\x01^\x00\x01\x02\x00\xff'
[*] b'+\xbe\x00\x00\x00\r\x00\x17\x01t\x00\x01\x01]\x00\x01\x02\x00\xff'
[*] b'\xf3\xf3\x00\x00\x00\r\xff\x17\x01o\x00\x01\x01]\x00\x01\x02\x00\xff'
[*] b'\xe2\xb6\x00\x00\x00\r\xff\x17\x01o\x00\x01\x01^\x00\x01\x02\x00\xff'
[*] b'\xf3\xf3\x00\x00\x00\x06\xff\x03\x01r\x00\x04'
[*] b'\xc0\xf3\x00\x00\x00\x06\x00\x03\x01r\x00\x04'
[*] b'\xc0\xe2\x00\x00\x00\r\x00\x17\x01j\x00\x01\x01]\x00\x01\x02\x00\xff'
[*] b'\xf3\xe2\x00\x00\x00\r\x00\x17\x01v\x00\x01\x01_\x00\x01\x02\x00\xff'
[*] b'\xf3\xe2\x00\x00\x00\r\xff\x17\x01o\x00\x01\x01^\x00\x01\x02\x00\xff'
[*] b'\xff\xf3\x00\x00\x00\r\xff\x17\x01o\x00\x01\x01_\x00\x01\x02\x00\xff'
[*] b'\xf3\xe2\x00\x00\x00\r\xff\x17\x01s\x00\x01\x01^\x00\x01\x02\x00\xff'
[*] b'\xe2\xf3\x00\x00\x00\r\xff\x17\x01s\x00\x01\x01]\x00\x01\x02\x00\xff'
[*] b'\xe1\xe1\x00\x00\x00\r\xff\x17\x01k\x00\x01\x01^\x00\x01\x02\x00\xff'
[*] b'J\xf3\x00\x00\x00\r\xff\x17\x01v\x00\x01\x01^\x00\x01\x02\x00\xff'
[*] b'\xe3\xed\x00\x00\x00\r\x00\x17\x01t\x00\x01\x01\\\x00\x01\x02\x00\xff'
[*] b'\xf3\xf3\x00\x00\x00\r\x00\x17\x01t\x00\x01\x01^\x00\x01\x02\x00\xff'
[*] b'\xed\xf3\x00\x00\x00\r\x00\x17\x01j\x00\x01\x01^\x00\x01\x02\x00\xff'
[*] b'\xa1\xf3\x00\x00\x00\r\xff\x17\x01i\x00\x01\x01\\\x00\x01\x02\x00\xff'
[*] b'\x9f\xcd\x00\x00\x00\r\x00\x17\x01a\x00\x01\x01_\x00\x01\x02\x00\xff'
[*] b'\xf3\xf3\x00\x00\x00\r\x00\x17\x01j\x00\x01\x01^\x00\x01\x02\x00\xff'
[*] b'\xca\x8e\x00\x00\x00\r\x00\x17\x01e\x00\x01\x01_\x00\x01\x02\x00\xff'
[*] b'\xf3\xe3\x00\x00\x00\r\x00\x17\x01f\x00\x01\x01^\x00\x01\x02\x00\xff'
[*] b'\xff\xf5\x00\x00\x00\x06\xff\x03\x01e\x00\x01'
[*] b'\xe2\xc0\x00\x00\x00\r\xff\x17\x01h\x00\x01\x01_\x00\x01\x02\x00\xff'
[*] b'\xba\xf3\x00\x00\x00\r\xff\x17\x01o\x00\x01\x01_\x00\x01\x02\x00\xff'
[*] b'\xdd\xc2\x00\x00\x00\x06\x00\x03\x01`\x00\x04'
[*] b'\xf7\xf3\x00\x00\x00\r\x00\x17\x01h\x00\x01\x01\\\x00\x01\x02\x00\xff'
[*] b'\xe0\xf3\x00\x00\x00\r\xff\x17\x01w\x00\x01\x01^\x00\x01\x02\x00\xff'
[*] b'\xf3\xf4\x00\x00\x00\r\x00\x17\x01i\x00\x01\x01^\x00\x01\x02\x00\xff'
[*] b'\xf3\xf3\x00\x00\x00\r\xff\x17\x01k\x00\x01\x01^\x00\x01\x02\x00\xff'
[*] b'\xf3\xf3\x00\x00\x00\r\x00\x17\x01j\x00\x01\x01\\\x00\x01\x02\x00\xff'
[*] b'\xa0\xf3\x00\x00\x00\r\x00\x17\x01w\x00\x01\x01]\x00\x01\x02\x00\xff'
[*] b'\x0e\xf3\x00\x00\x00\r\x00\x17\x01u\x00\x01\x01^\x00\x01\x02\x00\xff'
[*] b'\xf3\xe3\x00\x00\x00\r\x00\x17\x01f\x00\x01\x01]\x00\x01\x02\x00\xff'
[*] b'\xc2\xf0\x00\x00\x00\r\x00\x17\x01o\x00\x01\x01]\x00\x01\x02\x00\xff'
[*] b'\xf0\x8a\x00\x00\x00\r\x00\x17\x01s\x00\x01\x01]\x00\x01\x02\x00\xff'
[*] b'\xf3\xf3\x00\x00\x00\r\x00\x17\x01j\x00\x01\x01^\x00\x01\x02\x00\xff'
[*] b'\x1e\xe2\x00\x00\x00\r\x00\x17\x01`\x00\x01\x01]\x00\x01\x02\x00\xff'
[*] b'\xf3\xf7\x00\x00\x00\r\xff\x17\x01j\x00\x01\x01]\x00\x01\x02\x00\xff'
[*] b'\xf3+\x00\x00\x00\r\xff\x17\x01s\x00\x01\x01_\x00\x01\x02\x00\xff'
[*] b'\xe2\xf3\x00\x00\x00\r\x00\x17\x01j\x00\x01\x01^\x00\x01\x02\x00\xff'
[*] b'\xf3\xe2\x00\x00\x00\r\x00\x17\x01w\x00\x01\x01]\x00\x01\x02\x00\xff'
[*] b'\xe0\xf3\x00\x00\x00\r\xff\x17\x01h\x00\x01\x01]\x00\x01\x02\x00\xff'
[*] b'\xf3\xe2\x00\x00\x00\r\x00\x17\x01o\x00\x01\x01_\x00\x01\x02\x00\xff'
[*] b'\xf3\xef\x00\x00\x00\r\x00\x17\x01o\x00\x01\x01\\\x00\x01\x02\x00\xff'
[*] b'\x85\xf7\x00\x00\x00\r\x00\x17\x01`\x00\x01\x01^\x00\x01\x02\x00\xff'
[*] b'\xe0\xe3\x00\x00\x00\r\x00\x17\x01o\x00\x01\x01\\\x00\x01\x02\x00\xff'
[*] b'\xcd\xc0\x00\x00\x00\r\x00\x17\x01e\x00\x01\x01_\x00\x01\x02\x00\xff'
[*] b'\xe3\xf3\x00\x00\x00\r\x00\x17\x01h\x00\x01\x01_\x00\x01\x02\x00\xff'
[*] b'\xf3\xe2\x00\x00\x00\r\xff\x17\x01`\x00\x01\x01]\x00\x01\x02\x00\xff'
[*] b'\x8b\xa4\x00\x00\x00\r\xff\x17\x01u\x00\x01\x01^\x00\x01\x02\x00\xff'
[*] b'\xef\xef\x00\x00\x00\r\xff\x17\x01q\x00\x01\x01\\\x00\x01\x02\x00\xff'
[*] b'\xf3\xf3\x00\x00\x00\r\x00\x17\x01j\x00\x01\x01]\x00\x01\x02\x00\xff'
[*] b'\xf3E\x00\x00\x00\r\xff\x17\x01t\x00\x01\x01\\\x00\x01\x02\x00\xff'
[*] b'\xf3\xf3\x00\x00\x00\r\xff\x17\x01j\x00\x01\x01^\x00\x01\x02\x00\xff'
[*] b'\xf0\x87\x00\x00\x00\r\xff\x17\x01h\x00\x01\x01]\x00\x01\x02\x00\xff'
[*] b'\xe1x\x00\x00\x00\r\x00\x17\x01r\x00\x01\x01^\x00\x01\x02\x00\xff'
[*] b'\xf3\xf3\x00\x00\x00\r\x00\x17\x01p\x00\x01\x01_\x00\x01\x02\x00\xff'
[*] b'\xf3v\x00\x00\x00\r\x00\x17\x01r\x00\x01\x01_\x00\x01\x02\x00\xff'
[*] b'\xf3\xf3\x00\x00\x00\r\xff\x17\x01a\x00\x01\x01^\x00\x01\x02\x00\xff'
[*] b'\xf3\xca\x00\x00\x00\x06\xff\x03\x01r\x00\x04'
[*] b'\xf3\xf3\x00\x00\x00\x06\xff\x03\x01r\x00\x04'
[*] b'\xf3\xf3\x00\x00\x00\r\x00\x17\x01b\x00\x01\x01\\\x00\x01\x02\x00\xff'
[*] b'\xbb\xf3\x00\x00\x00\r\x00\x17\x01v\x00\x01\x01_\x00\x01\x02\x00\xff'
[*] b'\xe0\xf0\x00\x00\x00\r\x00\x17\x01j\x00\x01\x01^\x00\x01\x02\x00\xff'
[*] b'\x81\xa0\x00\x00\x00\r\x00\x17\x01u\x00\x01\x01\\\x00\x01\x02\x00\xff'
[*] b'\xe2\x8a\x00\x00\x00\r\xff\x17\x01g\x00\x01\x01\\\x00\x01\x02\x00\xff'
[*] b';\xc0\x00\x00\x00\r\xff\x17\x01`\x00\x01\x01\\\x00\x01\x02\x00\xff'
[*] b'\x0c\xe0\x00\x00\x00\r\x00\x17\x01d\x00\x01\x01]\x00\x01\x02\x00\xff'
[*] b'\xf3\xcb\x00\x00\x00\r\xff\x17\x01t\x00\x01\x01]\x00\x01\x02\x00\xff'
[*] b'\xf3\xef\x00\x00\x00\r\x00\x17\x01|\x00\x01\x01\\\x00\x01\x02\x00\xff'
[*] b'\xef\xd1\x00\x00\x00\r\xff\x17\x01j\x00\x01\x01^\x00\x01\x02\x00\xff'
[*] b'\xf0\xe2\x00\x00\x00\r\xff\x17\x01y\x00\x01\x01\\\x00\x01\x02\x00\xff'
[*] b'1\xf3\x00\x00\x00\r\x00\x17\x01k\x00\x01\x01^\x00\x01\x02\x00\xff'
[*] b'\xf3\xc0\x00\x00\x00\r\x00\x17\x01k\x00\x01\x01\\\x00\x01\x02\x00\xff'
[*] b'\xf3\xa0\x00\x00\x00\r\x00\x17\x01r\x00\x01\x01^\x00\x01\x02\x00\xff'
[*] b'\xe2\xe2\x00\x00\x00\r\xff\x17\x01l\x00\x01\x01^\x00\x01\x02\x00\xff'
[*] b'\xab\xef\x00\x00\x00\r\xff\x17\x01d\x00\x01\x01]\x00\x01\x02\x00\xff'
[*] b'\xf3\xdd\x00\x00\x00\r\xff\x17\x01t\x00\x01\x01^\x00\x01\x02\x00\xff'
[*] b'\xdd\xe2\x00\x00\x00\r\xff\x17\x01k\x00\x01\x01_\x00\x01\x02\x00\xff'
[*] b'\xef\xf3\x00\x00\x00\r\x00\x17\x01a\x00\x01\x01_\x00\x01\x02\x00\xff'
[*] b'\xf3\xf3\x00\x00\x00\r\xff\x17\x01s\x00\x01\x01^\x00\x01\x02\x00\xff'
[*] b'\xcaa\x00\x00\x00\r\xff\x17\x01e\x00\x01\x01_\x00\x01\x02\x00\xff'
[*] b'-\xf3\x00\x00\x00\r\xff\x17\x01j\x00\x01\x01^\x00\x01\x02\x00\xff'
[*] b'\xa4\xe0\x00\x00\x00\r\xff\x17\x01r\x00\x01\x01^\x00\x01\x02\x00\xff'
[*] b'\xca\xf3\x00\x00\x00\r\x00\x17\x01h\x00\x01\x01^\x00\x01\x02\x00\xff'
[*] b'\x84\xc2\x00\x00\x00\r\x00\x17\x01o\x00\x01\x01]\x00\x01\x02\x00\xff'
[*] b'u\xf3\x00\x00\x00\r\xff\x17\x01e\x00\x01\x01^\x00\x01\x02\x00\xff'
[*] b'\xe2\xf7\x00\x00\x00\r\xff\x17\x01d\x00\x01\x01^\x00\x01\x02\x00\xff'
[*] b'\xf3\xf3\x00\x00\x00\r\xff\x17\x01o\x00\x01\x01]\x00\x01\x02\x00\xff'
[*] b'\xf3\xe2\x00\x00\x00\r\x00\x17\x01o\x00\x01\x01\\\x00\x01\x02\x00\xff'
[*] b'\xe2\xf3\x00\x00\x00\r\xff\x17\x01d\x00\x01\x01]\x00\x01\x02\x00\xff'
[*] b'\xf3\xf0\x00\x00\x00\r\xff\x17\x01{\x00\x01\x01_\x00\x01\x02\x00\xff'
[*] b'\xc0\xfb\x00\x00\x00\r\x00\x17\x01j\x00\x01\x01\\\x00\x01\x02\x00\xff'
[*] b'\xac\xf6\x00\x00\x00\r\x00\x17\x01s\x00\x01\x01\\\x00\x01\x02\x00\xff'
[*] b'\xc0\xf3\x00\x00\x00\r\x00\x17\x01|\x00\x01\x01]\x00\x01\x02\x00\xff'
[*] b'\xf4\xdd\x00\x00\x00\r\xff\x17\x01j\x00\x01\x01^\x00\x01\x02\x00\xff'
[*] b'<\xf3\x00\x00\x00\r\x00\x17\x01l\x00\x01\x01^\x00\x01\x02\x00\xff'
[*] b'\xa0\xa0\x00\x00\x00\r\xff\x17\x01d\x00\x01\x01^\x00\x01\x02\x00\xff'
[*] b'\xf3\xc0\x00\x00\x00\r\x00\x17\x01o\x00\x01\x01]\x00\x01\x02\x00\xff'
[*] b'AK\x00\x00\x00\r\x00\x17\x01o\x00\x01\x01\\\x00\x01\x02\x00\xff'
[*] b'\xf3\x0b\x00\x00\x00\r\xff\x17\x01j\x00\x01\x01^\x00\x01\x02\x00\xff'
[*] b'\xf3\xf3\x00\x00\x00\r\x00\x17\x01w\x00\x01\x01^\x00\x01\x02\x00\xff'
[*] b'\xef\xf3\x00\x00\x00\r\xff\x17\x01s\x00\x01\x01^\x00\x01\x02\x00\xff'
[*] b'I\xf3\x00\x00\x00\r\x00\x17\x01o\x00\x01\x01^\x00\x01\x02\x00\xff'
[*] b'\xcd\xf3\x00\x00\x00\r\x00\x17\x01s\x00\x01\x01]\x00\x01\x02\x00\xff'
[*] b'\x84\xe2\x00\x00\x00\r\xff\x17\x01z\x00\x01\x01]\x00\x01\x02\x00\xff'
[*] b'\xbb\xef\x00\x00\x00\r\x00\x17\x01r\x00\x01\x01^\x00\x01\x02\x00\xff'
[*] b'\xe2\xc0\x00\x00\x00\r\xff\x17\x01`\x00\x01\x01]\x00\x01\x02\x00\xff'
[*] b'\x9a\x81\x00\x00\x00\r\x00\x17\x01z\x00\x01\x01_\x00\x01\x02\x00\xff'
[*] b'\xf3\xe2\x00\x00\x00\r\x00\x17\x01o\x00\x01\x01]\x00\x01\x02\x00\xff'
[*] b'\xa4\xf1\x00\x00\x00\r\x00\x17\x01r\x00\x01\x01]\x00\x01\x02\x00\xff'
[*] b'\xf3P\x00\x00\x00\r\xff\x17\x01`\x00\x01\x01^\x00\x01\x02\x00\xff'
[*] b'\xf3+\x00\x00\x00\r\xff\x17\x01e\x00\x01\x01]\x00\x01\x02\x00\xff'
[*] b'\xa0\xe2\x00\x00\x00\r\xff\x17\x01s\x00\x01\x01^\x00\x01\x02\x00\xff'
[*] b'\xf3\xa0\x00\x00\x00\r\x00\x17\x01q\x00\x01\x01_\x00\x01\x02\x00\xff'
[*] b'\xe1+\x00\x00\x00\r\x00\x17\x01o\x00\x01\x01_\x00\x01\x02\x00\xff'
[*] b'\xe2\xf3\x00\x00\x00\r\xff\x17\x01s\x00\x01\x01^\x00\x01\x02\x00\xff'
[*] b'm\x81\x00\x00\x00\r\x00\x17\x01\x7f\x00\x01\x01_\x00\x01\x02\x00\xff'
[*] b'\xf3\xe1\x00\x00\x00\x06\xff\x03\x01r\x00\x0b'
[*] b'\xc3\xf3\x00\x00\x00\r\x00\x17\x01p\x00\x01\x01^\x00\x01\x02\x00\xff'
[*] b'\xf3\xf3\x00\x00\x00\r\xff\x17\x01j\x00\x01\x01^\x00\x01\x02\x00\xff'
[*] b'\xcb\xca\x00\x00\x00\r\xff\x17\x01s\x00\x01\x01^\x00\x01\x02\x00\xff'
[*] b'\xfb\xe2\x00\x00\x00\r\x00\x17\x01t\x00\x01\x01^\x00\x01\x02\x00\xff'
[*] b'\xfb\xca\x00\x00\x00\r\xff\x17\x01v\x00\x01\x01_\x00\x01\x02\x00\xff'
